<?xml version="1.0" encoding="UTF-8"?>
<!-- Generated by org.testng.reporters.JUnitXMLReporter -->
<testsuite ignored="0" hostname="LAPTOP-5KMFOFH9" failures="0" tests="3" name="Default test" time="0.098" errors="0" timestamp="2023-12-21T22:12:17 IST">
  <testcase classname="testngDemo.AnnotationDemo" name="registerTest" time="0.013"/>
  <testcase classname="testngDemo.AnnotationDemo" name="loginTest" time="0.002"/>
  <testcase classname="testngDemo.AnnotationDemo" name="logoutTest" time="0.002"/>
</testsuite> <!-- Default test -->
