<?xml version="1.0" encoding="UTF-8"?>
<!-- Generated by org.testng.reporters.JUnitXMLReporter -->
<testsuite ignored="0" hostname="LAPTOP-5KMFOFH9" failures="0" tests="3" name="Default test" time="30.037" errors="0" timestamp="2023-12-19T22:18:44 IST">
  <testcase classname="testngDemo.TestDemo2" name="chromeTest" time="6.656"/>
  <testcase classname="testngDemo.TestDemo2" name="firefoxTest" time="6.341"/>
  <testcase classname="testngDemo.TestDemo2" name="edgeTest" time="16.981"/>
</testsuite> <!-- Default test -->
