<?xml version="1.0" encoding="UTF-8"?>
<!-- Generated by org.testng.reporters.JUnitXMLReporter -->
<testsuite ignored="2" hostname="LAPTOP-5KMFOFH9" failures="0" tests="3" name="Test" time="0.1" errors="0" timestamp="2023-12-21T21:53:47 IST">
  <testcase classname="testngDemo.GroupTestDemo" name="verifyLogin" time="0.019"/>
  <testcase classname="testngDemo.GroupTestDemo" name="verifyTitle" time="0.001"/>
  <testcase classname="testngDemo.GroupTestDemo" name="verifyLogout" time="0.002"/>
  <testcase classname="testngDemo.GroupTestDemo" name="verifylink" time="0.0">
    <ignored/>
  </testcase> <!-- verifylink -->
  <testcase classname="testngDemo.GroupTestDemo" name="verifyUrl" time="0.0">
    <ignored/>
  </testcase> <!-- verifyUrl -->
</testsuite> <!-- Test -->
