<?xml version="1.0" encoding="UTF-8"?>
<testng-results ignored="0" total="1" passed="1" failed="0" skipped="0">
  <reporter-output>
  </reporter-output>
  <suite started-at="2023-12-28T22:32:13 IST" name="Default suite" finished-at="2023-12-28T22:32:14 IST" duration-ms="1053">
    <groups>
    </groups>
    <test started-at="2023-12-28T22:32:13 IST" name="Default test" finished-at="2023-12-28T22:32:14 IST" duration-ms="1053">
      <class name="datadrivenTest.ExcelDataRead">
        <test-method signature="dataRead()[pri:0, instance:datadrivenTest.ExcelDataRead@4738a206]" started-at="2023-12-28T22:32:13 IST" name="dataRead" finished-at="2023-12-28T22:32:14 IST" duration-ms="995" status="PASS">
          <reporter-output>
          </reporter-output>
        </test-method> <!-- dataRead -->
      </class> <!-- datadrivenTest.ExcelDataRead -->
    </test> <!-- Default test -->
  </suite> <!-- Default suite -->
</testng-results>
