<?xml version="1.0" encoding="UTF-8"?>
<testng-results ignored="0" total="1" passed="1" failed="0" skipped="0">
  <reporter-output>
  </reporter-output>
  <suite started-at="2023-12-26T22:25:37 IST" name="Default suite" finished-at="2023-12-26T22:25:42 IST" duration-ms="5210">
    <groups>
    </groups>
    <test started-at="2023-12-26T22:25:37 IST" name="Default test" finished-at="2023-12-26T22:25:42 IST" duration-ms="5210">
      <class name="testngDemo.ScreenShotDemo">
        <test-method signature="capture()[pri:0, instance:testngDemo.ScreenShotDemo@35aea049]" started-at="2023-12-26T22:25:37 IST" name="capture" finished-at="2023-12-26T22:25:42 IST" duration-ms="5146" status="PASS">
          <reporter-output>
          </reporter-output>
        </test-method> <!-- capture -->
      </class> <!-- testngDemo.ScreenShotDemo -->
    </test> <!-- Default test -->
  </suite> <!-- Default suite -->
</testng-results>
